<?xml version="1.0" encoding="UTF-8"?>
<!-- Generated by org.testng.reporters.JUnitXMLReporter -->
<testsuite ignored="0" hostname="LAPTOP-BCSM0LU4" failures="5" tests="18" name="Test" time="30.613" errors="0" timestamp="2022-02-02T14:26:59 IST">
  <testcase classname="com.jbk.testng.UserFunctionality" name="AddUser" time="5.392"/>
  <testcase classname="com.jbk.testng.UserFunctionality" name="CheckCourseLink" time="2.651"/>
  <testcase classname="com.jbk.testng.UserFunctionality" name="CheckCourses" time="2.199"/>
  <testcase classname="com.jbk.testng.LoginPage" name="Customerlogin" time="1.088">
    <failure type="java.lang.AssertionError" message="expected [hello] but found [file:///D:/ASHUDLOADS/javabykiran-Selenium-Softwares/javabykiran-Selenium-Softwares/Offline%20Website/pages/examples/dashboard.html]">
      <![CDATA[java.lang.AssertionError: expected [hello] but found [file:///D:/ASHUDLOADS/javabykiran-Selenium-Softwares/javabykiran-Selenium-Softwares/Offline%20Website/pages/examples/dashboard.html]
at com.jbk.testng.LoginPage.Customerlogin(LoginPage.java:32)
at java.base/java.util.ArrayList.forEach(ArrayList.java:1511)
... Removed 33 stack frames]]>
    </failure>
  </testcase> <!-- Customerlogin -->
  <testcase classname="com.jbk.testng.LoginPage" name="EnterIncorrectEmail" time="6.263"/>
  <testcase classname="com.jbk.testng.LoginPage" name="EnterIncorrectPassword" time="1.389"/>
  <testcase classname="com.jbk.testng.LoginPage" name="LogoDisplayed" time="0.032">
    <failure type="org.openqa.selenium.NoSuchElementException" message="no such element: Unable to locate element: {&amp;quot;method&amp;quot;:&amp;quot;xpath&amp;quot;,&amp;quot;selector&amp;quot;:&amp;quot;//*[@class=&amp;apos;login-logo&amp;apos;]/a/b&amp;quot;}
  (Session info: chrome=97.0.4692.99)
For documentation on this error, please visit: https://www.seleniumhq.org/exceptions/no_such_element.html
Build info: version: &amp;apos;3.141.59&amp;apos;, revision: &amp;apos;e82be7d358&amp;apos;, time: &amp;apos;2018-11-14T08:25:53&amp;apos;
System info: host: &amp;apos;LAPTOP-BCSM0LU4&amp;apos;, ip: &amp;apos;192.168.56.1&amp;apos;, os.name: &amp;apos;Windows 10&amp;apos;, os.arch: &amp;apos;amd64&amp;apos;, os.version: &amp;apos;10.0&amp;apos;, java.version: &amp;apos;17&amp;apos;
Driver info: org.openqa.selenium.chrome.ChromeDriver
Capabilities {acceptInsecureCerts: false, browserName: chrome, browserVersion: 97.0.4692.99, chrome: {chromedriverVersion: 97.0.4692.71 (adefa7837d02a..., userDataDir: C:\Users\maila\AppData\Loca...}, goog:chromeOptions: {debuggerAddress: localhost:58885}, javascriptEnabled: true, networkConnectionEnabled: false, pageLoadStrategy: normal, platform: WINDOWS, platformName: WINDOWS, proxy: Proxy(), setWindowRect: true, strictFileInteractability: false, timeouts: {implicit: 0, pageLoad: 300000, script: 30000}, unhandledPromptBehavior: dismiss and notify, webauthn:extension:credBlob: true, webauthn:extension:largeBlob: true, webauthn:virtualAuthenticators: true}
Session ID: 9b353480161ddd23c47fe218fbd989ff
*** Element info: {Using=xpath, value=//*[@class=&amp;apos;login-logo&amp;apos;]/a/b}">
      <![CDATA[org.openqa.selenium.NoSuchElementException: no such element: Unable to locate element: {"method":"xpath","selector":"//*[@class='login-logo']/a/b"}
  (Session info: chrome=97.0.4692.99)
For documentation on this error, please visit: https://www.seleniumhq.org/exceptions/no_such_element.html
Build info: version: '3.141.59', revision: 'e82be7d358', time: '2018-11-14T08:25:53'
System info: host: 'LAPTOP-BCSM0LU4', ip: '192.168.56.1', os.name: 'Windows 10', os.arch: 'amd64', os.version: '10.0', java.version: '17'
Driver info: org.openqa.selenium.chrome.ChromeDriver
Capabilities {acceptInsecureCerts: false, browserName: chrome, browserVersion: 97.0.4692.99, chrome: {chromedriverVersion: 97.0.4692.71 (adefa7837d02a..., userDataDir: C:\Users\maila\AppData\Loca...}, goog:chromeOptions: {debuggerAddress: localhost:58885}, javascriptEnabled: true, networkConnectionEnabled: false, pageLoadStrategy: normal, platform: WINDOWS, platformName: WINDOWS, proxy: Proxy(), setWindowRect: true, strictFileInteractability: false, timeouts: {implicit: 0, pageLoad: 300000, script: 30000}, unhandledPromptBehavior: dismiss and notify, webauthn:extension:credBlob: true, webauthn:extension:largeBlob: true, webauthn:virtualAuthenticators: true}
Session ID: 9b353480161ddd23c47fe218fbd989ff
*** Element info: {Using=xpath, value=//*[@class='login-logo']/a/b}
at org.openqa.selenium.remote.http.W3CHttpResponseCodec.createException(W3CHttpResponseCodec.java:187)
at org.openqa.selenium.remote.http.W3CHttpResponseCodec.decode(W3CHttpResponseCodec.java:122)
at org.openqa.selenium.remote.http.W3CHttpResponseCodec.decode(W3CHttpResponseCodec.java:49)
at org.openqa.selenium.remote.HttpCommandExecutor.execute(HttpCommandExecutor.java:158)
at org.openqa.selenium.remote.service.DriverCommandExecutor.execute(DriverCommandExecutor.java:83)
at org.openqa.selenium.remote.RemoteWebDriver.execute(RemoteWebDriver.java:552)
at org.openqa.selenium.remote.RemoteWebDriver.findElement(RemoteWebDriver.java:323)
at org.openqa.selenium.remote.RemoteWebDriver.findElementByXPath(RemoteWebDriver.java:428)
at org.openqa.selenium.By$ByXPath.findElement(By.java:353)
at org.openqa.selenium.remote.RemoteWebDriver.findElement(RemoteWebDriver.java:315)
at com.jbk.testng.LoginPage.LogoDisplayed(LoginPage.java:43)
at java.base/java.util.ArrayList.forEach(ArrayList.java:1511)
... Removed 32 stack frames]]>
    </failure>
  </testcase> <!-- LogoDisplayed -->
  <testcase classname="com.jbk.testng.LoginPage" name="RegisterUser" time="1.17"/>
  <testcase classname="com.jbk.testng.TestNGDemo" name="CustomerDashboard" time="2.572"/>
  <testcase classname="com.jbk.testng.TestNGDemo" name="Customerlogin" time="2.363">
    <failure type="java.lang.AssertionError" message="expected [hello] but found [file:///D:/ASHUDLOADS/javabykiran-Selenium-Softwares/javabykiran-Selenium-Softwares/Offline%20Website/pages/examples/dashboard.html]">
      <![CDATA[java.lang.AssertionError: expected [hello] but found [file:///D:/ASHUDLOADS/javabykiran-Selenium-Softwares/javabykiran-Selenium-Softwares/Offline%20Website/pages/examples/dashboard.html]
at com.jbk.testng.TestNGDemo.Customerlogin(TestNGDemo.java:23)
at java.base/java.util.ArrayList.forEach(ArrayList.java:1511)
... Removed 33 stack frames]]>
    </failure>
  </testcase> <!-- Customerlogin -->
  <testcase classname="com.jbk.testng.TestNGDemo" name="LogoValidation" time="2.193"/>
  <testcase classname="com.jbk.testng.TestNGDemo" name="Validation" time="2.203"/>
  <testcase classname="com.jbk.testng.TestNgexample" name="arithmaticTest_1" time="0.001"/>
  <testcase classname="com.jbk.testng.TestNgexample" name="arithmaticTest_2" time="0.001"/>
  <testcase classname="com.jbk.testng1.TestNgexample" name="arithmaticTest_1" time="0.001"/>
  <testcase classname="com.jbk.testng1.TestNgexample" name="arithmaticTest_2" time="0.001"/>
  <testcase classname="com.jbk.testng.SoftAssertExample" name="jbkTestCase_One" time="0.003">
    <failure type="java.lang.AssertionError" message="The following asserts failed:
	expected [3] but found [2],
	expected [3] but found [4]">
      <![CDATA[java.lang.AssertionError: The following asserts failed:
expected [3] but found [2],
expected [3] but found [4]
at com.jbk.testng.SoftAssertExample.jbkTestCase_One(SoftAssertExample.java:18)
at java.base/java.util.ArrayList.forEach(ArrayList.java:1511)
... Removed 29 stack frames]]>
    </failure>
  </testcase> <!-- jbkTestCase_One -->
  <testcase classname="com.jbk.testng.SoftAssertExample" name="jbkTestCase_Two" time="0.001">
    <failure type="java.lang.AssertionError" message="The following asserts failed:
	expected [33] but found [22],
	expected [44] but found [33]">
      <![CDATA[java.lang.AssertionError: The following asserts failed:
expected [33] but found [22],
expected [44] but found [33]
at com.jbk.testng.SoftAssertExample.jbkTestCase_Two(SoftAssertExample.java:30)
at java.base/java.util.ArrayList.forEach(ArrayList.java:1511)
... Removed 29 stack frames]]>
    </failure>
  </testcase> <!-- jbkTestCase_Two -->
</testsuite> <!-- Test -->
